<?xml version="1.0" encoding="UTF-8"?>
<!-- Generated by org.testng.reporters.JUnitReportReporter -->
<testsuite hostname="DESKTOP-A791GLG" failures="0" tests="4" name="com.demoacti.tests.LoginPageTests" time="30.271" errors="0" timestamp="05 Jul 2022 23:42:13 GMT" skipped="0">
  <testcase classname="com.demoacti.tests.LoginPageTests" name="testLogoDisplayed" time="7.919"/>
  <testcase classname="com.demoacti.tests.LoginPageTests" name="testForgotPasswordlinkDisplayed" time="8.249"/>
  <testcase classname="com.demoacti.tests.LoginPageTests" name="testLogin" time="7.264"/>
  <testcase classname="com.demoacti.tests.LoginPageTests" name="testLoginPageTitle" time="6.839"/>
</testsuite> <!-- com.demoacti.tests.LoginPageTests -->
