<?xml version="1.0" encoding="UTF-8"?>
<!-- Generated by org.testng.reporters.JUnitReportReporter -->
<testsuite hostname="DESKTOP-A791GLG" failures="0" tests="5" name="com.demoacti.tests.TestLogin" time="29.097" errors="0" timestamp="12 Jul 2022 21:53:07 GMT" skipped="0">
  <testcase classname="com.demoacti.tests.TestLogin" name="testLogin" time="5.900"/>
  <testcase classname="com.demoacti.tests.TestLogin" name="testLogin" time="5.819"/>
  <testcase classname="com.demoacti.tests.TestLogin" name="testLogin" time="5.832"/>
  <testcase classname="com.demoacti.tests.TestLogin" name="testLogin" time="6.053"/>
  <testcase classname="com.demoacti.tests.TestLogin" name="testLogin" time="5.493"/>
</testsuite> <!-- com.demoacti.tests.TestLogin -->
