<?xml version="1.0" encoding="UTF-8"?>
<!-- Generated by org.testng.reporters.JUnitReportReporter -->
<testsuite hostname="DESKTOP-A791GLG" failures="0" tests="2" name="com.demoacti.tests.TaskPageTests" time="41.475" errors="0" timestamp="12 Jul 2022 23:58:20 GMT" skipped="0">
  <testcase classname="com.demoacti.tests.TaskPageTests" name="testCreateCustomer" time="17.974"/>
  <testcase classname="com.demoacti.tests.TaskPageTests" name="testDeleteCustomer" time="23.501"/>
</testsuite> <!-- com.demoacti.tests.TaskPageTests -->
