<?xml version="1.0" encoding="UTF-8"?>
<!-- Generated by org.testng.reporters.JUnitReportReporter -->
<testsuite hostname="DESKTOP-A791GLG" failures="0" tests="5" name="com.demoacti.tests.TestLogin" time="42.059" errors="0" timestamp="07 Jul 2022 20:45:01 GMT" skipped="0">
  <testcase classname="com.demoacti.tests.TestLogin" name="testLogin" time="6.990"/>
  <testcase classname="com.demoacti.tests.TestLogin" name="testLogin" time="7.363"/>
  <testcase classname="com.demoacti.tests.TestLogin" name="testLogin" time="8.595"/>
  <testcase classname="com.demoacti.tests.TestLogin" name="testLogin" time="8.490"/>
  <testcase classname="com.demoacti.tests.TestLogin" name="testLogin" time="10.621"/>
</testsuite> <!-- com.demoacti.tests.TestLogin -->
