<?xml version="1.0" encoding="UTF-8"?>
<!-- Generated by org.testng.reporters.JUnitReportReporter -->
<testsuite hostname="DESKTOP-A791GLG" failures="0" tests="4" name="com.demoacti.tests.LoginPageTests" time="23.814" errors="0" timestamp="12 Jul 2022 21:53:07 GMT" skipped="0">
  <testcase classname="com.demoacti.tests.LoginPageTests" name="testLogin" time="8.240"/>
  <testcase classname="com.demoacti.tests.LoginPageTests" name="testLogoDisplayed" time="5.145"/>
  <testcase classname="com.demoacti.tests.LoginPageTests" name="testForgotPasswordlinkDisplayed" time="5.004"/>
  <testcase classname="com.demoacti.tests.LoginPageTests" name="testLoginPageTitle" time="5.425"/>
</testsuite> <!-- com.demoacti.tests.LoginPageTests -->
