<?xml version="1.0" encoding="UTF-8"?>
<!-- Generated by org.testng.reporters.JUnitReportReporter -->
<testsuite hostname="DESKTOP-A791GLG" failures="0" tests="2" name="com.demoacti.tests.TaskPageTests" time="39.748" errors="0" timestamp="07 Jul 2022 20:22:20 GMT" skipped="0">
  <testcase classname="com.demoacti.tests.TaskPageTests" name="testCreateCustomer" time="14.137"/>
  <testcase classname="com.demoacti.tests.TaskPageTests" name="testDeleteCustomer" time="25.611"/>
</testsuite> <!-- com.demoacti.tests.TaskPageTests -->
