<?xml version="1.0" encoding="UTF-8"?>
<!-- Generated by org.testng.reporters.JUnitReportReporter -->
<testsuite hostname="DESKTOP-A791GLG" failures="0" tests="1" name="com.demoacti.base.DriverScript" time="8.364" errors="0" timestamp="01 Jul 2022 21:22:37 GMT" skipped="0">
  <testcase classname="com.demoacti.base.DriverScript" name="initApplication" time="8.364"/>
</testsuite> <!-- com.demoacti.base.DriverScript -->
